<?xml version="1.0" encoding="UTF-8"?>
<!-- Generated by org.testng.reporters.JUnitXMLReporter -->
<testsuite ignored="0" hostname="NG6189" failures="0" tests="4" name="Default test" time="44.966" errors="0" timestamp="2022-12-02T09:44:04 IST">
  <testcase classname="com.artoftesting.test.SuiteArchitect" name="fn_Login" time="8.275"/>
  <testcase classname="com.artoftesting.test.SuiteArchitect" name="fn_DefinitionCreate" time="11.309"/>
  <testcase classname="com.artoftesting.test.SuiteArchitect" name="fn_DefinitionCreate" time="11.869"/>
  <testcase classname="com.artoftesting.test.SuiteArchitect" name="fn_createService" time="0.881"/>
</testsuite> <!-- Default test -->
