<?xml version="1.0" encoding="UTF-8"?>
<!-- Generated by org.testng.reporters.JUnitXMLReporter -->
<testsuite ignored="0" hostname="NG6189" failures="0" tests="5" name="Default test" time="54.02" errors="0" timestamp="2022-12-10T21:23:30 IST">
  <testcase classname="com.artoftesting.test.SuiteArchitect" name="fn_Login" time="11.757"/>
  <testcase classname="com.artoftesting.test.SuiteArchitect" name="fn_DefinitionCreate" time="11.659"/>
  <testcase classname="com.artoftesting.test.SuiteArchitect" name="fn_DefinitionCreate" time="12.277"/>
  <testcase classname="com.artoftesting.test.SuiteArchitect" name="fn_DefinitionCreate" time="12.22"/>
  <testcase classname="com.artoftesting.test.SuiteArchitect" name="fn_createService" time="0.854"/>
</testsuite> <!-- Default test -->
