<?xml version="1.0" encoding="UTF-8"?>
<testng-results ignored="0" total="5" passed="5" failed="0" skipped="0">
  <reporter-output>
  </reporter-output>
  <suite started-at="2022-12-10T21:22:36 IST" name="Default suite" finished-at="2022-12-10T21:23:30 IST" duration-ms="54020">
    <groups>
    </groups>
    <test started-at="2022-12-10T21:22:36 IST" name="Default test" finished-at="2022-12-10T21:23:30 IST" duration-ms="54020">
      <class name="com.artoftesting.test.SuiteArchitect">
        <test-method is-config="true" signature="fn_initializechrome()[pri:0, instance:com.artoftesting.test.SuiteArchitect@550dbc7a]" started-at="2022-12-10T21:22:36 IST" name="fn_initializechrome" finished-at="2022-12-10T21:22:41 IST" duration-ms="5202" status="PASS">
          <reporter-output>
          </reporter-output>
        </test-method> <!-- fn_initializechrome -->
        <test-method signature="fn_Login()[pri:0, instance:com.artoftesting.test.SuiteArchitect@550dbc7a]" started-at="2022-12-10T21:22:41 IST" name="fn_Login" finished-at="2022-12-10T21:22:53 IST" duration-ms="11757" status="PASS">
          <reporter-output>
          </reporter-output>
        </test-method> <!-- fn_Login -->
        <test-method signature="fn_DefinitionCreate(java.lang.String,java.lang.String,java.lang.String,java.lang.String)[pri:1, instance:com.artoftesting.test.SuiteArchitect@550dbc7a]" started-at="2022-12-10T21:22:53 IST" name="fn_DefinitionCreate" data-provider="definition_names" finished-at="2022-12-10T21:23:05 IST" duration-ms="11659" status="PASS">
          <params>
            <param index="0">
              <value>
                <![CDATA[D0.5313897347289666]]>
              </value>
            </param>
            <param index="1">
              <value>
                <![CDATA[Automobile]]>
              </value>
            </param>
            <param index="2">
              <value>
                <![CDATA[India]]>
              </value>
            </param>
            <param index="3">
              <value>
                <![CDATA[Sat, 10 Dec 2022 21:22:41 +0530]]>
              </value>
            </param>
          </params>
          <reporter-output>
          </reporter-output>
        </test-method> <!-- fn_DefinitionCreate -->
        <test-method signature="fn_DefinitionCreate(java.lang.String,java.lang.String,java.lang.String,java.lang.String)[pri:1, instance:com.artoftesting.test.SuiteArchitect@550dbc7a]" started-at="2022-12-10T21:23:05 IST" name="fn_DefinitionCreate" data-provider="definition_names" finished-at="2022-12-10T21:23:17 IST" duration-ms="12277" status="PASS">
          <params>
            <param index="0">
              <value>
                <![CDATA[D0.6763565034871812]]>
              </value>
            </param>
            <param index="1">
              <value>
                <![CDATA[Automobile]]>
              </value>
            </param>
            <param index="2">
              <value>
                <![CDATA[India]]>
              </value>
            </param>
            <param index="3">
              <value>
                <![CDATA[Sat, 10 Dec 2022 21:22:41 +0530]]>
              </value>
            </param>
          </params>
          <reporter-output>
          </reporter-output>
        </test-method> <!-- fn_DefinitionCreate -->
        <test-method signature="fn_DefinitionCreate(java.lang.String,java.lang.String,java.lang.String,java.lang.String)[pri:1, instance:com.artoftesting.test.SuiteArchitect@550dbc7a]" started-at="2022-12-10T21:23:17 IST" name="fn_DefinitionCreate" data-provider="definition_names" finished-at="2022-12-10T21:23:29 IST" duration-ms="12220" status="PASS">
          <params>
            <param index="0">
              <value>
                <![CDATA[D0.742386377676004]]>
              </value>
            </param>
            <param index="1">
              <value>
                <![CDATA[Automobile]]>
              </value>
            </param>
            <param index="2">
              <value>
                <![CDATA[India]]>
              </value>
            </param>
            <param index="3">
              <value>
                <![CDATA[Sat, 10 Dec 2022 21:22:41 +0530]]>
              </value>
            </param>
          </params>
          <reporter-output>
          </reporter-output>
        </test-method> <!-- fn_DefinitionCreate -->
        <test-method signature="fn_createService()[pri:2, instance:com.artoftesting.test.SuiteArchitect@550dbc7a]" started-at="2022-12-10T21:23:29 IST" name="fn_createService" finished-at="2022-12-10T21:23:30 IST" duration-ms="854" status="PASS">
          <reporter-output>
          </reporter-output>
        </test-method> <!-- fn_createService -->
      </class> <!-- com.artoftesting.test.SuiteArchitect -->
    </test> <!-- Default test -->
  </suite> <!-- Default suite -->
</testng-results>
